<?xml version="1.0" encoding="UTF-8"?>
<testsuite name="shmp.sd.lab6.CalcVisitorTest" tests="5" skipped="0" failures="0" errors="0" timestamp="2020-12-01T08:22:08" hostname="DESKTOP-SOFLN7U" time="0.044">
  <properties/>
  <testcase name="noTokensExceptionTest" classname="shmp.sd.lab6.CalcVisitorTest" time="0.023"/>
  <testcase name="numberTest" classname="shmp.sd.lab6.CalcVisitorTest" time="0.002"/>
  <testcase name="operationTest" classname="shmp.sd.lab6.CalcVisitorTest" time="0.017"/>
  <testcase name="divisionByZeroFailTest" classname="shmp.sd.lab6.CalcVisitorTest" time="0.0"/>
  <testcase name="bracesFailTest" classname="shmp.sd.lab6.CalcVisitorTest" time="0.002"/>
  <system-out><![CDATA[]]></system-out>
  <system-err><![CDATA[]]></system-err>
</testsuite>
