<?xml version="1.0" encoding="UTF-8"?>
<testsuite name="shmp.sd.lab6.CalcVisitorTest" tests="4" skipped="0" failures="0" errors="0" timestamp="2020-12-01T08:14:06" hostname="DESKTOP-SOFLN7U" time="0.047">
  <properties/>
  <testcase name="noTokensExceptionTest" classname="shmp.sd.lab6.CalcVisitorTest" time="0.024"/>
  <testcase name="numberTest" classname="shmp.sd.lab6.CalcVisitorTest" time="0.003"/>
  <testcase name="operationTest" classname="shmp.sd.lab6.CalcVisitorTest" time="0.018"/>
  <testcase name="bracesFailTest" classname="shmp.sd.lab6.CalcVisitorTest" time="0.001"/>
  <system-out><![CDATA[]]></system-out>
  <system-err><![CDATA[]]></system-err>
</testsuite>
