<?xml version="1.0" encoding="UTF-8"?>
<testsuite name="shmp.sd.lab6.PrintVisitorTest" tests="4" skipped="0" failures="0" errors="0" timestamp="2020-12-01T08:22:08" hostname="DESKTOP-SOFLN7U" time="0.015">
  <properties/>
  <testcase name="numberTest" classname="shmp.sd.lab6.PrintVisitorTest" time="0.0"/>
  <testcase name="operationTest" classname="shmp.sd.lab6.PrintVisitorTest" time="0.014"/>
  <testcase name="bracesTest" classname="shmp.sd.lab6.PrintVisitorTest" time="0.0"/>
  <testcase name="noTokensTest" classname="shmp.sd.lab6.PrintVisitorTest" time="0.0"/>
  <system-out><![CDATA[]]></system-out>
  <system-err><![CDATA[]]></system-err>
</testsuite>
